<?xml version="1.0" encoding="UTF-8"?>
<testsuite xmlns:xsi="http://www.w3.org/2001/XMLSchema-instance" xsi:noNamespaceSchemaLocation="https://maven.apache.org/surefire/maven-surefire-plugin/xsd/surefire-test-report.xsd" name="TestSpring" time="8.35" tests="5" errors="0" skipped="0" failures="0">
  <properties>
[...]
</properties>
  <testcase name="testTrans" classname="TestSpring" time="0.965"/>
  <testcase name="test1" classname="TestSpring" time="0.033"/>
  <testcase name="test2" classname="TestSpring" time="0.045"/>
  <testcase name="test3" classname="TestSpring" time="0.033"/>
  <testcase name="test4" classname="TestSpring" time="0.036"/>
</testsuite>